[2021-07-22T09:32:13.478] [INFO] main - Server running on : http://undefined:undefined
[2021-07-22T02:33:47.762] [INFO] main - Server running on : http://undefined:undefined
[2021-07-22T02:43:25.217] [INFO] main - Server running on : http://localhost:8000
[2021-07-22T02:44:30.755] [INFO] main - Server running on : http://localhost:8000
[2021-07-22T02:46:26.149] [INFO] main - Server running on : http://localhost:8000
[2021-07-22T02:48:42.784] [INFO] main - Server running on : http://localhost:8000
[2021-07-22T02:48:42.820] [INFO] main - Server running on : http://undefined:undefined
[2021-07-23T02:25:49.613] [INFO] main - Server running on : http://localhost:8000
[2021-07-23T02:27:58.039] [INFO] main - Server running on : http://localhost:8000
[2021-07-23T03:16:29.893] [INFO] main - Server running on : http://localhost:8000
[2021-07-23T03:23:02.190] [ERROR] user - Could not get all user: select `user`.* from `user` - Table 'virtual-hospital.user' doesn't exist
[2021-07-23T03:27:44.501] [INFO] main - Server running on : http://localhost:8000
[2021-07-23T03:28:36.642] [INFO] main - Server running on : http://localhost:8000
[2021-07-23T03:28:50.681] [INFO] main - Server running on : http://localhost:8000
[2021-07-23T03:29:21.219] [ERROR] user - Could not create user data: insert into `user` (`email`, `first_name`, `last_name`, `password`, `picture`, `role`, `username`) values ('azharfatrr@gmail.com', 'Azhar', 'Faturahman', '4200', 'Test!', 'admin', 'azharfatrr') - Unknown column 'username' in 'field list'
[2021-07-23T03:29:51.176] [INFO] main - Server running on : http://localhost:8000
[2021-07-23T03:31:42.766] [INFO] main - Server running on : http://localhost:8000
[2021-07-23T03:32:54.449] [INFO] main - Server running on : http://localhost:8000
[2021-07-23T03:32:58.567] [INFO] main - Server running on : http://localhost:8000
[2021-07-23T03:33:03.212] [INFO] main - Server running on : http://localhost:8000
[2021-07-23T03:33:15.628] [INFO] main - Server running on : http://localhost:8000
[2021-07-23T03:34:14.976] [ERROR] user - Could not update user data: Cannot read property 'getPublicData' of undefined
[2021-07-23T03:34:37.747] [INFO] main - Server running on : http://localhost:8000
[2021-07-23T03:35:17.936] [INFO] main - Server running on : http://localhost:8000
[2021-07-23T03:35:21.389] [ERROR] user - Could not update user data: Cannot read property 'getPublicData' of undefined
[2021-07-23T03:35:47.260] [INFO] main - Server running on : http://localhost:8000
[2021-07-23T03:36:07.189] [INFO] main - Server running on : http://localhost:8000
[2021-07-23T03:36:39.357] [INFO] main - Server running on : http://localhost:8000
[2021-07-23T03:37:56.209] [INFO] main - Server running on : http://localhost:8000
[2021-07-23T03:38:48.481] [ERROR] user - Could not get pagination user data: The operator "undefined" is not permitted
[2021-07-23T03:39:04.995] [ERROR] user - Could not get pagination user data: The operator "undefined" is not permitted
[2021-07-23T03:39:32.377] [INFO] main - Server running on : http://localhost:8000
[2021-07-23T03:39:37.170] [INFO] main - Server running on : http://localhost:8000
[2021-07-23T03:39:39.806] [ERROR] user - Could not get pagination user data: The operator "undefined" is not permitted
[2021-07-23T03:39:57.592] [INFO] main - Server running on : http://localhost:8000
[2021-07-23T03:40:01.569] [INFO] main - Server running on : http://localhost:8000
[2021-07-23T03:40:22.397] [INFO] main - Server running on : http://localhost:8000
[2021-07-23T03:40:23.840] [ERROR] user - Could not get pagination user data: The operator "undefined" is not permitted
[2021-07-23T03:42:21.770] [INFO] main - Server running on : http://localhost:8000
[2021-07-23T03:42:45.960] [INFO] main - Server running on : http://localhost:8000
[2021-07-23T03:44:21.773] [INFO] main - Server running on : http://localhost:8000
[2021-07-23T03:44:57.489] [INFO] main - Server running on : http://localhost:8000
[2021-07-23T03:45:01.125] [INFO] main - Server running on : http://localhost:8000
[2021-07-23T03:45:37.509] [INFO] main - Server running on : http://localhost:8000
[2021-07-23T03:46:14.398] [INFO] main - Server running on : http://localhost:8000
[2021-07-23T03:46:35.096] [INFO] main - Server running on : http://localhost:8000
[2021-07-23T03:46:42.280] [INFO] main - Server running on : http://localhost:8000
[2021-07-23T03:48:57.546] [INFO] main - Server running on : http://localhost:8000
[2021-07-23T03:49:16.024] [INFO] main - Server running on : http://localhost:8000
[2021-07-23T03:53:10.784] [INFO] main - Server running on : http://localhost:8000
[2021-07-23T03:53:30.443] [INFO] main - Server running on : http://localhost:8000
[2021-07-23T03:53:55.464] [INFO] main - Server running on : http://localhost:8000
[2021-07-23T03:54:02.282] [INFO] main - Server running on : http://localhost:8000
[2021-07-23T03:54:10.269] [INFO] main - Server running on : http://localhost:8000
[2021-07-23T03:54:17.067] [INFO] main - Server running on : http://localhost:8000
[2021-07-23T03:55:12.992] [ERROR] user - Could not get pagination user data: select `user`.* from `user` where ((`name` like '%azhar%')) limit 10 - Unknown column 'name' in 'where clause'
[2021-07-23T03:56:01.192] [ERROR] user - Could not get pagination user data: select `user`.* from `user` where ((`firstname` like '%azhar%')) limit 10 - Unknown column 'firstname' in 'where clause'
[2021-07-23T03:59:44.905] [INFO] main - Server running on : http://localhost:8000
[2021-07-23T04:00:23.295] [INFO] main - Server running on : http://localhost:8000
[2021-07-23T04:02:02.633] [INFO] main - Server running on : http://localhost:8000
[2021-07-23T04:02:06.262] [INFO] main - Server running on : http://localhost:8000
[2021-07-23T04:02:13.407] [INFO] main - Server running on : http://localhost:8000
[2021-07-23T04:02:59.119] [INFO] main - Server running on : http://localhost:8000
[2021-07-23T04:03:49.370] [INFO] main - Server running on : http://localhost:8000
[2021-07-23T04:04:51.018] [INFO] main - Server running on : http://localhost:8000
[2021-07-23T04:12:27.648] [INFO] main - Server running on : http://localhost:8000
[2021-07-23T04:16:40.375] [INFO] main - Server running on : http://localhost:8000
[2021-07-23T04:16:58.906] [INFO] main - Server running on : http://localhost:8000
[2021-07-23T04:17:56.072] [INFO] main - Server running on : http://localhost:8000
[2021-07-23T04:18:11.507] [INFO] main - Server running on : http://localhost:8000
[2021-07-23T04:18:34.532] [INFO] main - Server running on : http://localhost:8000
[2021-07-23T04:18:39.234] [INFO] main - Server running on : http://localhost:8000
[2021-07-23T04:18:45.297] [INFO] main - Server running on : http://localhost:8000
[2021-07-23T04:20:09.049] [ERROR] user - Could not get pagination user data: select `user`.* from `user` where ((`lastname` like '%faturahman%') and (`picture` like '%kelelawar%')) limit 10 - Unknown column 'lastname' in 'where clause'
[2021-07-23T04:23:04.584] [INFO] main - Server running on : http://localhost:8000
[2021-07-23T04:23:54.780] [INFO] main - Server running on : http://localhost:8000
[2021-07-23T04:24:13.369] [INFO] main - Server running on : http://localhost:8000
[2021-07-23T04:25:02.724] [INFO] main - Server running on : http://localhost:8000
[2021-07-23T04:25:10.326] [INFO] main - Server running on : http://localhost:8000
[2021-07-23T04:25:17.154] [INFO] main - Server running on : http://localhost:8000
[2021-07-23T04:25:24.281] [INFO] main - Server running on : http://localhost:8000
[2021-07-23T04:26:04.023] [INFO] main - Server running on : http://localhost:8000
[2021-07-23T04:26:07.109] [INFO] main - Server running on : http://localhost:8000
[2021-07-23T04:26:19.835] [INFO] main - Server running on : http://localhost:8000
[2021-07-23T04:26:41.860] [ERROR] user - Could not get pagination user data: select `user`.* from `user` where ((`lastName` like '%faturahman%') and (`picture` like '%kelelawar%')) limit 10 - Unknown column 'lastName' in 'where clause'
[2021-07-23T04:27:14.351] [ERROR] user - Could not get pagination user data: select `user`.* from `user` where ((`i` like '%2@last_name=@faturahman%')) limit 10 - Unknown column 'i' in 'where clause'
[2021-07-23T04:28:29.882] [INFO] main - Server running on : http://localhost:8000
[2021-07-23T04:28:33.491] [INFO] main - Server running on : http://localhost:8000
[2021-07-23T04:30:20.578] [INFO] main - Server running on : http://localhost:8000
[2021-07-23T04:32:18.069] [INFO] main - Server running on : http://localhost:8000
[2021-07-23T04:33:57.033] [INFO] main - Server running on : http://localhost:8000
[2021-07-23T04:34:51.496] [INFO] main - Server running on : http://localhost:8000
[2021-07-23T04:37:47.972] [INFO] main - Server running on : http://localhost:8000
[2021-07-23T04:38:09.907] [INFO] main - Server running on : http://localhost:8000
[2021-07-23T04:38:18.537] [INFO] main - Server running on : http://localhost:8000
[2021-07-23T04:38:48.534] [INFO] main - Server running on : http://localhost:8000
[2021-07-23T04:39:17.858] [INFO] main - Server running on : http://localhost:8000
[2021-07-23T04:39:31.281] [INFO] main - Server running on : http://localhost:8000
[2021-07-23T04:40:05.537] [INFO] main - Server running on : http://localhost:8000
[2021-07-23T04:40:11.302] [INFO] main - Server running on : http://localhost:8000
[2021-07-23T04:40:21.955] [INFO] main - Server running on : http://localhost:8000
[2021-07-23T04:44:14.231] [INFO] main - Server running on : http://localhost:8000
[2021-07-23T04:44:52.685] [INFO] main - Server running on : http://localhost:8000
[2021-07-23T04:47:39.828] [INFO] main - Server running on : http://localhost:8000
[2021-07-23T04:47:46.007] [INFO] main - Server running on : http://localhost:8000
[2021-07-23T04:49:26.628] [INFO] main - Server running on : http://localhost:8000
[2021-07-23T04:51:19.865] [INFO] main - Server running on : http://localhost:8000
[2021-07-23T04:51:40.227] [INFO] main - Server running on : http://localhost:8000
[2021-07-23T04:52:41.193] [INFO] main - Server running on : http://localhost:8000
[2021-07-23T04:53:01.346] [INFO] main - Server running on : http://localhost:8000
[2021-07-23T04:54:27.004] [INFO] main - Server running on : http://localhost:8000
[2021-07-23T04:54:33.038] [INFO] main - Server running on : http://localhost:8000
[2021-07-23T04:56:22.398] [INFO] main - Server running on : http://localhost:8000
[2021-07-23T04:56:31.738] [INFO] main - Server running on : http://localhost:8000
[2021-07-23T04:56:44.198] [INFO] main - Server running on : http://localhost:8000
[2021-07-23T04:56:51.672] [INFO] main - Server running on : http://localhost:8000
[2021-07-23T04:58:39.522] [INFO] main - Server running on : http://localhost:8000
[2021-07-23T04:58:56.024] [INFO] main - Server running on : http://localhost:8000
[2021-07-23T04:59:00.838] [INFO] main - Server running on : http://localhost:8000
[2021-07-23T04:59:09.975] [INFO] main - Server running on : http://localhost:8000
[2021-07-23T05:00:09.234] [INFO] main - Server running on : http://localhost:8000
[2021-07-23T05:01:36.193] [INFO] main - Server running on : http://localhost:8000
[2021-07-23T05:59:21.515] [INFO] main - Server running on : http://localhost:8000
[2021-07-23T05:59:48.745] [INFO] main - Server running on : http://localhost:8000
[2021-07-23T06:00:26.577] [INFO] main - Server running on : http://localhost:8000
[2021-07-27T02:16:32.160] [INFO] main - Server running on : http://localhost:8000
[2021-07-27T02:17:19.448] [INFO] main - Server running on : http://localhost:8000
[2021-07-27T02:17:25.630] [INFO] main - Server running on : http://localhost:8000
[2021-07-27T02:17:29.251] [ERROR] user - Could not get all user: Ohh shit
[2021-07-27T02:17:32.162] [ERROR] user - Could not get all user: Ohh shit
[2021-07-27T02:18:35.636] [INFO] main - Server running on : http://localhost:8000
[2021-07-27T02:18:37.331] [ERROR] user - Could not get all user: Ohh shit
[2021-07-27T02:19:58.999] [INFO] main - Server running on : http://localhost:8000
[2021-07-27T02:20:14.700] [INFO] main - Server running on : http://localhost:8000
[2021-07-27T02:20:21.969] [INFO] main - Server running on : http://localhost:8000
[2021-07-27T02:20:26.302] [ERROR] user - Could not get all user: Ohh shit
[2021-07-27T02:20:27.522] [ERROR] user - Could not get all user: Ohh shit
[2021-07-27T02:20:28.220] [ERROR] user - Could not get all user: Ohh shit
[2021-07-27T02:20:29.895] [ERROR] user - Could not get all user: Ohh shit
[2021-07-27T02:20:30.545] [ERROR] user - Could not get all user: Ohh shit
[2021-07-27T02:20:31.491] [ERROR] user - Could not get all user: Ohh shit
[2021-07-27T02:20:48.626] [INFO] main - Server running on : http://localhost:8000
[2021-07-27T02:20:52.623] [ERROR] user - Could not get all user: Ohh shit
[2021-07-27T02:20:53.407] [ERROR] user - Could not get all user: Ohh shit
[2021-07-27T02:21:45.296] [INFO] main - Server running on : http://localhost:8000
[2021-07-27T02:21:46.629] [ERROR] user - Could not get all user: Ohh shit
[2021-07-27T02:21:47.482] [ERROR] user - Could not get all user: Ohh shit
[2021-07-27T02:21:48.416] [ERROR] user - Could not get all user: Ohh shit
[2021-07-27T02:21:52.698] [ERROR] user - Could not get all user: Ohh shit
[2021-07-27T02:22:04.076] [INFO] main - Server running on : http://localhost:8000
[2021-07-27T02:22:04.403] [ERROR] user - Could not get all user: Ohh shit
[2021-07-27T02:22:05.573] [ERROR] user - Could not get all user: Ohh shit
[2021-07-27T02:23:10.529] [INFO] main - Server running on : http://localhost:8000
[2021-07-27T02:23:10.945] [ERROR] user - Could not get all user: Ohh shit
[2021-07-27T02:23:11.845] [ERROR] user - Could not get all user: Ohh shit
[2021-07-27T02:23:12.510] [ERROR] user - Could not get all user: Ohh shit
[2021-07-27T02:23:13.133] [ERROR] user - Could not get all user: Ohh shit
[2021-07-27T02:23:20.508] [INFO] main - Server running on : http://localhost:8000
[2021-07-27T02:23:21.004] [ERROR] user - Could not get all user: Ohh shit
[2021-07-27T02:23:28.417] [INFO] main - Server running on : http://localhost:8000
[2021-07-27T02:23:38.114] [INFO] main - Server running on : http://localhost:8000
[2021-07-27T02:24:27.371] [INFO] main - Server running on : http://localhost:8000
[2021-07-27T02:26:01.359] [INFO] main - Server running on : http://localhost:8000
[2021-07-27T02:28:08.882] [INFO] main - Server running on : http://localhost:8000
[2021-07-27T02:29:22.182] [INFO] main - Server running on : http://localhost:8000
[2021-07-27T02:29:43.985] [INFO] main - Server running on : http://localhost:8000
[2021-07-27T02:29:50.305] [INFO] main - Server running on : http://localhost:8000
[2021-07-27T02:30:31.107] [INFO] main - Server running on : http://localhost:8000
[2021-07-27T02:30:36.050] [INFO] main - Server running on : http://localhost:8000
[2021-07-27T02:30:57.177] [INFO] main - Server running on : http://localhost:8000
[2021-07-27T02:31:40.424] [INFO] main - Server running on : http://localhost:8000
[2021-07-27T02:31:46.534] [INFO] main - Server running on : http://localhost:8000
[2021-07-27T02:32:07.041] [INFO] main - Server running on : http://localhost:8000
[2021-07-27T02:32:19.903] [INFO] main - Server running on : http://localhost:8000
[2021-07-27T02:34:12.902] [INFO] main - Server running on : http://localhost:8000
[2021-07-27T02:38:00.437] [INFO] main - Server running on : http://localhost:8000
[2021-07-27T02:38:11.411] [INFO] main - Server running on : http://localhost:8000
[2021-07-27T02:38:27.570] [INFO] main - Server running on : http://localhost:8000
[2021-07-27T02:38:49.739] [INFO] main - Server running on : http://localhost:8000
[2021-07-27T02:38:52.772] [ERROR] user - Could not get all user: Shit
[2021-07-27T02:39:23.332] [INFO] main - Server running on : http://localhost:8000
[2021-07-27T02:44:38.910] [INFO] main - Server running on : http://localhost:8000
[2021-07-30T07:31:58.552] [INFO] main - Server running on : http://localhost:5000
[2021-07-30T07:31:58.707] [INFO] main - Server running on : http://localhost:5000
[2021-07-30T07:34:51.861] [INFO] main - Server running on : http://localhost:8000
[2021-07-30T07:35:24.724] [ERROR] user - Could not create user data: connect ECONNREFUSED 127.0.0.1:3306
[2021-07-30T07:35:34.008] [ERROR] user - Could not get all user: connect ECONNREFUSED 127.0.0.1:3306
[2021-07-30T07:35:36.736] [ERROR] user - Could not get all user: connect ECONNREFUSED 127.0.0.1:3306
[2021-07-30T07:40:20.999] [INFO] main - Server running on : http://localhost:8000
[2021-07-30T07:42:33.275] [ERROR] user - Could not get all user: connect ECONNREFUSED 127.0.0.1:3306
[2021-07-30T07:43:23.447] [INFO] main - Server running on : http://localhost:8000
[2021-07-30T07:43:36.471] [ERROR] user - Could not get all user: connect ECONNREFUSED 0.0.0.0:3306
[2021-07-30T07:43:49.519] [INFO] main - Server running on : http://localhost:8000
[2021-07-30T07:45:27.093] [INFO] main - Server running on : http://localhost:8000
[2021-07-30T07:45:36.115] [ERROR] user - Could not get all user: connect ENOENT /var/run/mysqld/mysqld.sock
[2021-07-30T07:46:43.575] [INFO] main - Server running on : http://localhost:8000
[2021-07-30T07:48:01.832] [INFO] main - Server running on : http://localhost:8000
[2021-07-30T07:48:06.883] [ERROR] user - Could not get all user: connect ECONNREFUSED 127.0.0.1:3306
[2021-07-30T07:48:07.651] [ERROR] user - Could not get all user: connect ECONNREFUSED 127.0.0.1:3306
[2021-07-30T07:48:54.100] [INFO] main - Server running on : http://localhost:8000
[2021-07-30T07:48:57.411] [ERROR] user - Could not get all user: connect ENOENT /var/run/mysqld/mysqld.sock
[2021-07-30T07:49:55.556] [INFO] main - Server running on : http://localhost:8000
[2021-07-30T07:51:09.262] [INFO] main - Server running on : http://localhost:8000
[2021-07-30T07:51:49.012] [INFO] main - Server running on : http://localhost:8000
[2021-07-30T07:51:55.939] [ERROR] user - Could not get all user: connect ECONNREFUSED 127.0.0.1:3306
[2021-07-30T07:51:56.783] [ERROR] user - Could not get all user: connect ECONNREFUSED 127.0.0.1:3306
[2021-07-30T07:51:57.581] [ERROR] user - Could not get all user: connect ECONNREFUSED 127.0.0.1:3306
[2021-07-30T07:52:05.994] [INFO] main - Server running on : http://localhost:8000
[2021-07-30T07:52:32.211] [INFO] main - Server running on : http://localhost:8000
[2021-07-30T07:52:39.240] [INFO] main - Server running on : http://localhost:8000
[2021-07-30T07:53:00.269] [INFO] main - Server running on : http://localhost:8000
[2021-07-30T07:53:38.338] [INFO] main - Server running on : http://localhost:8000
[2021-07-30T07:53:45.119] [INFO] main - Server running on : http://localhost:8000
[2021-07-30T07:53:47.022] [ERROR] user - Could not get all user: connect ECONNREFUSED 127.0.0.1:3306
[2021-07-30T07:53:47.608] [ERROR] user - Could not get all user: connect ECONNREFUSED 127.0.0.1:3306
[2021-07-30T08:05:08.493] [INFO] main - Server running on : http://localhost:8000
[2021-07-30T08:05:24.642] [ERROR] user - Could not get all user: connect ECONNREFUSED 127.0.0.1:3306
[2021-07-30T08:05:25.458] [ERROR] user - Could not get all user: connect ECONNREFUSED 127.0.0.1:3306
[2021-07-30T08:08:31.163] [INFO] main - Server running on : http://localhost:8000
[2021-07-30T08:08:34.307] [ERROR] user - Could not get all user: connect ECONNREFUSED 127.0.0.1:3306
[2021-07-30T08:10:13.233] [INFO] main - Server running on : http://localhost:8000
[2021-07-30T08:10:16.681] [INFO] main - Server running on : http://localhost:8000
[2021-07-30T08:10:30.633] [INFO] main - Server running on : http://localhost:8000
[2021-07-30T08:10:34.112] [ERROR] user - Could not get all user: connect ECONNREFUSED 127.0.0.1:3306
[2021-07-30T08:10:39.339] [INFO] main - Server running on : http://localhost:8000
[2021-07-30T08:11:26.949] [INFO] main - Server running on : http://localhost:8000
[2021-07-30T08:13:10.997] [INFO] main - Server running on : http://localhost:8000
[2021-07-30T08:13:13.825] [INFO] main - Server running on : http://localhost:8000
[2021-07-30T08:13:22.161] [INFO] main - Server running on : http://localhost:8000
[2021-07-30T08:15:32.901] [INFO] main - Server running on : http://localhost:8000
[2021-07-30T08:18:03.071] [INFO] main - Server running on : http://localhost:8000
[2021-07-30T08:18:26.903] [INFO] main - Server running on : http://localhost:8000
[2021-07-30T08:19:13.935] [INFO] main - Server running on : http://localhost:8000
[2021-07-30T08:19:23.086] [INFO] main - Server running on : http://localhost:8000
[2021-07-30T08:19:28.238] [INFO] main - Server running on : http://localhost:8000
[2021-07-30T08:19:58.292] [INFO] main - Server running on : http://localhost:8000
[2021-07-30T08:22:52.913] [INFO] main - Server running on : http://localhost:8000
[2021-07-30T08:23:21.888] [INFO] main - Server running on : http://localhost:8000
[2021-07-30T08:23:31.075] [INFO] main - Server running on : http://localhost:8000
[2021-07-30T08:23:37.995] [INFO] main - Server running on : http://localhost:8000
[2021-07-30T08:23:46.070] [INFO] main - Server running on : http://localhost:8000
[2021-07-30T08:28:30.148] [INFO] main - Server running on : http://localhost:8000
[2021-07-30T08:31:42.564] [INFO] main - Server running on : http://localhost:8000
[2021-07-30T08:33:57.505] [INFO] main - Server running on : http://localhost:8000
[2021-07-30T08:34:17.621] [INFO] main - Server running on : http://localhost:8000
[2021-07-30T08:35:06.649] [INFO] main - Server running on : http://localhost:8000
[2021-07-30T08:35:34.781] [INFO] main - Server running on : http://localhost:8000
[2021-07-30T08:36:09.396] [INFO] main - Server running on : http://localhost:8000
[2021-07-30T08:37:46.230] [INFO] main - Server running on : http://localhost:8000
[2021-07-30T08:38:05.088] [INFO] main - Server running on : http://localhost:8000
[2021-07-30T08:39:02.838] [INFO] main - Server running on : http://localhost:8000
[2021-07-30T08:40:15.204] [INFO] main - Server running on : http://localhost:8000
[2021-07-30T08:40:25.858] [INFO] main - Server running on : http://localhost:8000
[2021-07-30T08:40:46.523] [INFO] main - Server running on : http://localhost:8000
[2021-07-30T08:41:02.904] [INFO] main - Server running on : http://localhost:8000
[2021-07-30T08:41:26.798] [INFO] main - Server running on : http://localhost:8000
[2021-07-30T08:42:28.699] [INFO] main - Server running on : http://localhost:8000
[2021-07-30T08:42:49.124] [INFO] main - Server running on : http://localhost:8000
[2021-07-30T08:45:15.024] [INFO] main - Server running on : http://localhost:8000
[2021-07-30T08:45:26.183] [INFO] main - Server running on : http://localhost:8000
[2021-07-30T08:46:16.775] [INFO] main - Server running on : http://localhost:8000
[2021-07-30T08:47:27.699] [INFO] main - Server running on : http://localhost:8000
[2021-07-30T08:48:01.479] [INFO] main - Server running on : http://localhost:8000
[2021-07-30T08:48:12.905] [INFO] main - Server running on : http://localhost:8000
[2021-07-30T08:48:27.490] [INFO] main - Server running on : http://localhost:8000
[2021-07-30T08:48:55.608] [INFO] main - Server running on : http://localhost:8000
[2021-07-30T08:50:10.049] [INFO] main - Server running on : http://localhost:8000
[2021-07-30T08:50:53.203] [INFO] main - Server running on : http://localhost:8000
[2021-07-30T08:51:25.649] [INFO] main - Server running on : http://localhost:8000
[2021-07-30T08:52:16.098] [INFO] main - Server running on : http://localhost:8000
[2021-07-30T08:52:36.935] [INFO] main - Server running on : http://localhost:8000
[2021-07-30T08:52:53.106] [INFO] main - Server running on : http://localhost:8000
[2021-07-30T08:53:08.561] [INFO] main - Server running on : http://localhost:8000
[2021-07-30T08:53:58.670] [INFO] main - Server running on : http://localhost:8000
[2021-07-30T08:54:20.616] [INFO] main - Server running on : http://localhost:8000
[2021-07-30T08:54:44.787] [INFO] main - Server running on : http://localhost:8000
[2021-07-30T08:54:49.320] [INFO] main - Server running on : http://localhost:8000
[2021-07-30T08:55:34.068] [INFO] main - Server running on : http://localhost:8000
[2021-07-30T08:55:54.388] [INFO] main - Server running on : http://localhost:8000
[2021-07-30T08:59:15.628] [INFO] main - Server running on : http://localhost:8000
[2021-07-30T08:59:34.550] [INFO] main - Server running on : http://localhost:8000
[2021-07-30T09:00:02.281] [INFO] main - Server running on : http://localhost:8000
[2021-07-30T09:00:17.742] [INFO] main - Server running on : http://localhost:8000
[2021-07-30T09:00:24.047] [INFO] main - Server running on : http://localhost:8000
[2021-07-30T09:00:28.441] [INFO] main - Server running on : http://localhost:8000
[2021-07-30T09:00:58.797] [INFO] main - Server running on : http://localhost:8000
[2021-07-30T09:01:06.786] [INFO] main - Server running on : http://localhost:8000
[2021-07-30T09:01:14.065] [INFO] main - Server running on : http://localhost:8000
[2021-07-30T09:03:32.472] [INFO] main - Server running on : http://localhost:8000
[2021-07-30T09:05:36.412] [INFO] main - Server running on : http://localhost:8000
[2021-07-30T09:06:02.933] [INFO] main - Server running on : http://localhost:8000
[2021-07-30T09:06:31.840] [INFO] main - Server running on : http://localhost:8000
[2021-08-05T02:51:32.148] [INFO] main - Server running on : http://localhost:8000
[2021-08-05T02:57:06.851] [INFO] main - Server running on : http://localhost:8000
[2021-08-05T02:57:55.244] [INFO] main - Server running on : http://localhost:8000
[2021-08-05T02:58:42.168] [INFO] main - Server running on : http://localhost:8000
[2021-08-05T03:01:06.685] [INFO] main - Server running on : http://localhost:8000
[2021-08-05T03:01:24.749] [INFO] main - Server running on : http://localhost:8000
[2021-08-05T03:01:37.228] [INFO] main - Server running on : http://localhost:8000
[2021-08-05T03:02:17.171] [INFO] main - Server running on : http://localhost:8000
[2021-08-05T03:04:52.293] [ERROR] user - Could not create user data: connect ECONNREFUSED 127.0.0.1:3306
[2021-08-05T03:05:53.785] [INFO] main - Server running on : http://localhost:8000
[2021-08-05T03:06:35.812] [INFO] main - Server running on : http://localhost:8000
[2021-08-05T03:06:49.218] [ERROR] user - Could not create user data: connect ETIMEDOUT
[2021-08-05T03:07:04.475] [ERROR] user - Could not create user data: connect ETIMEDOUT
[2021-08-05T03:08:45.688] [INFO] main - Server running on : http://localhost:8000
[2021-08-05T03:11:05.364] [INFO] main - Server running on : http://localhost:8000
[2021-08-05T03:11:09.568] [ERROR] user - Could not create user data: connect ENOENT /var/run/mysqld/mysqld.sock
[2021-08-05T03:13:08.717] [INFO] main - Server running on : http://localhost:8000
[2021-08-05T03:13:30.063] [ERROR] user - Could not create user data: connect ECONNREFUSED 127.0.0.1:3306
[2021-08-05T03:14:05.175] [INFO] main - Server running on : http://localhost:8000
[2021-08-05T03:14:15.834] [ERROR] user - Could not create user data: insert into `user` (`email`, `first_name`, `last_name`, `password`, `picture`, `role`, `username`) values ('azharfatrr@gmail.com', 'Azhar', 'Faturahman', '123456', 'Hehe', 'admin', 'azharfatrr') - Table 'virtual-hospital.user' doesn't exist
[2021-08-05T03:15:10.405] [INFO] main - Server running on : http://localhost:8000
[2021-08-05T03:15:12.896] [ERROR] user - Could not create user data: insert into `user` (`email`, `first_name`, `last_name`, `password`, `picture`, `role`, `username`) values ('azharfatrr@gmail.com', 'Azhar', 'Faturahman', '123456', 'Hehe', 'admin', 'azharfatrr') - Table 'virtual-hospital.user' doesn't exist
[2021-08-05T03:22:20.522] [INFO] main - Server running on : http://localhost:8000
[2021-08-05T03:23:03.906] [INFO] main - Server running on : http://localhost:8000
[2021-08-05T03:23:15.665] [ERROR] user - Could not create user data: insert into `user` (`email`, `first_name`, `last_name`, `password`, `picture`, `role`, `username`) values ('azharfatrr@gmail.com', 'Azhar', 'Faturahman', '123456', 'Hehe', 'admin', 'azharfatrr2') - Table 'backend-template.user' doesn't exist
[2021-08-05T03:24:25.170] [INFO] main - Server running on : http://localhost:8000
[2021-08-05T03:24:41.940] [INFO] main - Server running on : http://localhost:8000
[2021-08-05T03:24:52.675] [INFO] main - Server running on : http://localhost:8000
[2021-08-05T03:25:03.384] [INFO] main - Server running on : http://localhost:8000
[2021-08-05T03:25:10.074] [INFO] main - Server running on : http://localhost:8000
[2021-08-05T03:26:12.280] [INFO] main - Server running on : http://localhost:8000
[2021-08-05T03:26:25.887] [INFO] main - Server running on : http://localhost:8000
[2021-08-05T03:26:33.046] [INFO] main - Server running on : http://localhost:8000
[2021-08-05T03:26:39.141] [INFO] main - Server running on : http://localhost:8000
[2021-08-05T03:26:47.552] [INFO] main - Server running on : http://localhost:8000
[2021-08-05T03:26:58.702] [INFO] main - Server running on : http://localhost:8000
[2021-08-05T03:27:02.494] [INFO] main - Server running on : http://localhost:8000
[2021-08-05T03:27:07.758] [INFO] main - Server running on : http://localhost:8000
[2021-08-05T03:27:11.222] [INFO] main - Server running on : http://localhost:8000
[2021-08-05T03:27:31.636] [INFO] main - Server running on : http://localhost:8000
[2021-08-05T03:27:37.320] [INFO] main - Server running on : http://localhost:8000
[2021-08-05T03:28:23.294] [ERROR] auth - Could not register: Bad "options.expiresIn" option the payload already has an "exp" property.
[2021-08-05T03:29:46.168] [INFO] main - Server running on : http://localhost:8000
[2021-08-05T03:29:48.593] [ERROR] auth - Could not register: Bad "options.expiresIn" option the payload already has an "exp" property.
[2021-08-05T03:30:00.863] [INFO] main - Server running on : http://localhost:8000
[2021-08-05T03:30:10.348] [INFO] main - Server running on : http://localhost:8000
[2021-08-05T03:30:14.080] [ERROR] auth - Could not register: maxAge should be a Number
[2021-08-05T03:31:41.554] [INFO] main - Server running on : http://localhost:8000
[2021-08-05T03:31:43.945] [ERROR] auth - Could not register: maxAge should be a Number
[2021-08-05T03:32:20.864] [INFO] main - Server running on : http://localhost:8000
[2021-08-05T03:32:45.342] [INFO] main - Server running on : http://localhost:8000
[2021-08-05T03:32:52.956] [INFO] main - Server running on : http://localhost:8000
[2021-08-05T03:33:03.441] [INFO] main - Server running on : http://localhost:8000
[2021-08-05T03:33:40.198] [INFO] main - Server running on : http://localhost:8000
[2021-08-05T03:34:14.928] [INFO] main - Server running on : http://localhost:8000
[2021-08-05T03:34:43.906] [INFO] main - Server running on : http://localhost:8000
[2021-08-05T03:35:42.421] [INFO] main - Server running on : http://localhost:8000
[2021-08-05T03:38:47.768] [INFO] main - Server running on : http://localhost:8000
[2021-08-05T03:40:24.997] [INFO] main - Server running on : http://localhost:8000
[2021-08-05T03:40:28.360] [INFO] main - Server running on : http://localhost:8000
[2021-08-05T03:40:31.923] [INFO] main - Server running on : http://localhost:8000
[2021-08-05T03:41:22.575] [INFO] main - Server running on : http://localhost:8000
[2021-08-05T03:41:33.240] [INFO] main - Server running on : http://localhost:8000
[2021-08-05T03:41:53.956] [INFO] main - Server running on : http://localhost:8000
[2021-08-05T03:42:05.497] [INFO] main - Server running on : http://localhost:8000
[2021-08-05T03:44:26.392] [INFO] main - Server running on : http://localhost:8000
[2021-08-05T03:44:50.846] [INFO] main - Server running on : http://localhost:8000
[2021-08-05T03:51:28.848] [INFO] main - Server running on : http://localhost:8000
[2021-08-05T03:51:48.738] [INFO] main - Server running on : http://localhost:8000
[2021-08-05T03:51:53.122] [INFO] main - Server running on : http://localhost:8000
[2021-08-05T03:53:20.925] [INFO] main - Server running on : http://localhost:8000
[2021-08-05T03:54:31.533] [INFO] main - Server running on : http://localhost:8000
[2021-08-05T03:56:20.816] [INFO] main - Server running on : http://localhost:8000
[2021-08-05T03:57:23.411] [INFO] main - Server running on : http://localhost:8000
[2021-08-05T03:58:03.245] [INFO] main - Server running on : http://localhost:8000
[2021-08-05T03:58:09.920] [INFO] main - Server running on : http://localhost:8000
[2021-08-05T03:58:22.227] [INFO] main - Server running on : http://localhost:8000
[2021-08-05T03:58:26.469] [INFO] main - Server running on : http://localhost:8000
[2021-08-05T03:58:37.807] [INFO] main - Server running on : http://localhost:8000
[2021-08-05T03:58:55.331] [INFO] main - Server running on : http://localhost:8000
[2021-08-05T03:59:04.152] [INFO] main - Server running on : http://localhost:8000
[2021-08-05T04:00:03.437] [INFO] main - Server running on : http://localhost:8000
[2021-08-05T04:00:47.924] [INFO] main - Server running on : http://localhost:8000
[2021-08-05T04:01:07.602] [INFO] main - Server running on : http://localhost:8000
[2021-08-05T04:01:38.900] [INFO] main - Server running on : http://localhost:8000
[2021-08-05T04:01:42.592] [INFO] main - Server running on : http://localhost:8000
[2021-08-05T04:01:59.914] [INFO] main - Server running on : http://localhost:8000
[2021-08-05T04:02:14.846] [INFO] main - Server running on : http://localhost:8000
[2021-08-05T04:05:50.913] [INFO] main - Server running on : http://localhost:8000
[2021-08-05T04:05:57.330] [INFO] main - Server running on : http://localhost:8000
[2021-08-05T04:06:08.668] [INFO] main - Server running on : http://localhost:8000
[2021-08-05T04:06:16.187] [INFO] main - Server running on : http://localhost:8000
[2021-08-05T04:06:43.208] [INFO] main - Server running on : http://localhost:8000
[2021-08-05T04:07:11.682] [INFO] main - Server running on : http://localhost:8000
[2021-08-05T04:08:03.305] [INFO] main - Server running on : http://localhost:8000
[2021-08-05T04:08:56.614] [INFO] main - Server running on : http://localhost:8000
[2021-08-05T04:15:00.765] [INFO] main - Server running on : http://localhost:8000
[2021-08-05T04:15:06.345] [INFO] main - Server running on : http://localhost:8000
[2021-08-05T04:15:42.977] [INFO] main - Server running on : http://localhost:8000
[2021-08-05T04:15:47.554] [INFO] main - Server running on : http://localhost:8000
[2021-08-05T04:15:51.426] [INFO] main - Server running on : http://localhost:8000
[2021-08-05T04:15:56.367] [INFO] main - Server running on : http://localhost:8000
[2021-08-05T04:16:14.367] [INFO] main - Server running on : http://localhost:8000
[2021-08-05T04:16:29.149] [INFO] main - Server running on : http://localhost:8000
[2021-08-05T04:42:02.370] [INFO] main - Server running on : http://localhost:8000
[2021-08-05T04:43:05.526] [INFO] main - Server running on : http://localhost:8000
[2021-08-05T04:43:14.387] [INFO] main - Server running on : http://localhost:8000
[2021-08-05T04:43:22.199] [INFO] main - Server running on : http://localhost:8000
[2021-08-05T04:43:28.456] [INFO] main - Server running on : http://localhost:8000
[2021-08-05T04:44:18.466] [ERROR] auth - Could not register the user: insert into `user` (`email`, `first_name`, `last_name`, `password`, `username`) values ('azharfatrr@gmail.com', 'Azhar', 'Faturahman', '123456', 'azharfatrr') - Unknown column 'password' in 'field list'
[2021-08-05T04:44:50.406] [INFO] main - Server running on : http://localhost:8000
[2021-08-05T04:45:21.586] [INFO] main - Server running on : http://localhost:8000
[2021-08-05T04:45:31.476] [INFO] main - Server running on : http://localhost:8000
[2021-08-05T04:45:35.277] [INFO] main - Server running on : http://localhost:8000
[2021-08-05T04:45:36.064] [ERROR] auth - Could not register the user: insert into `user` (`email`, `first_name`, `hash`, `last_name`, `salt`, `username`) values ('azharfatrr@gmail.com', 'Azhar', 'e5fda7258a74bbe50669be082fe9b46c7b022f96c705d868c509b767778e52848a3f6580411419fe017c653bf8f7e324aac5384eb4b0d853c416cc1c55e8be6a', 'Faturahman', 'bd75f41c80899ce98a51a71e196d595e2eda9c0be72b42f693620b0eccd74627', 'azharfatrr') - Field 'role' doesn't have a default value
[2021-08-05T04:46:03.649] [INFO] main - Server running on : http://localhost:8000
[2021-08-05T04:46:16.799] [INFO] main - Server running on : http://localhost:8000
[2021-08-05T04:46:33.125] [INFO] main - Server running on : http://localhost:8000
[2021-08-05T04:46:46.400] [ERROR] auth - Could not register the user: insert into `user` (`email`, `first_name`, `hash`, `last_name`, `role`, `salt`, `username`) values ('azharfatrr@gmail.com', 'Azhar', '60e7919aa5540f0b9c7845cf5de12865778f2c629e56a458a5007b2de7be60e9eb6c1fc6dbd139ddf4d442e511a10a5cace0660e4ba98a031484689488b3daaa', 'Faturahman', 'user', 'acd72331c2d4588538d4437bf68801e1a5f68255c7a3077e8b5840fa3982801a', 'azharfatrr') - Duplicate entry 'azharfatrr' for key 'user_username_unique'
[2021-08-05T04:47:27.165] [INFO] main - Server running on : http://localhost:8000
[2021-08-05T04:47:38.805] [INFO] main - Server running on : http://localhost:8000
[2021-08-05T04:48:11.030] [INFO] main - Server running on : http://localhost:8000
[2021-08-05T04:48:16.744] [INFO] main - Server running on : http://localhost:8000
[2021-08-05T04:48:21.144] [ERROR] auth - Could not register the user: insert into `user` (`email`, `first_name`, `hash`, `last_name`, `role`, `salt`, `username`) values ('azharfatrr@gmail.com', 'Azhar', '10767ddf31b067bcb6bc1ca23b7a8fd543b98d1b0939a679e5b3dc44751441624dfcc2df3679bcd18422f7925c2178f93d08250e8024069d0a2d71adfb4eee66', 'Faturahman', 'user', '9346fe6e087363091981f726ed93479d0d44d9b9c40b0006612169c093b143fa', 'azharfatrr') - Duplicate entry 'azharfatrr' for key 'user_username_unique'
[2021-08-05T04:48:35.988] [INFO] main - Server running on : http://localhost:8000
[2021-08-05T04:48:39.764] [ERROR] auth - Could not register the user: insert into `user` (`email`, `first_name`, `hash`, `last_name`, `role`, `salt`, `username`) values ('azharfatrr@gmail.com', 'Azhar', '767ea30dc770d70c975c994cd1c0da0d4b508901ab670a2d111f6f971485da5b1064f1417e85cf843c893cf80a35dec63aa2da6b1d5fe0e7a35e21406d3f14c5', 'Faturahman', 'user', '4a72746627857d3bb1ae09f59a87e4c75abea18baaba80f76b0712dbf99cac6c', 'azharfatrr') - Duplicate entry 'azharfatrr' for key 'user_username_unique'
[2021-08-05T04:49:03.003] [INFO] main - Server running on : http://localhost:8000
[2021-08-05T04:49:42.616] [INFO] main - Server running on : http://localhost:8000
[2021-08-05T04:49:43.225] [ERROR] auth - Could not register the user: insert into `user` (`email`, `first_name`, `hash`, `last_name`, `role`, `salt`, `username`) values ('azharfatrr@gmail.com', 'Azhar', 'c96604e774dd99881340c7ec0b3dbc2c87cc65b58d3e9de342b148ab4cf424126edca0ef86eb8da0056535990b0143daca071acbc0d257f1f33f79e8d145e644', 'Faturahman', 'user', 'c171ad10836f98ce6d99e4ba77858cd7bc74488f949a018cbcbc639b6aa93d21', 'azharfatrr') - Duplicate entry 'azharfatrr' for key 'user_username_unique'
[2021-08-05T04:50:14.517] [INFO] main - Server running on : http://localhost:8000
[2021-08-05T04:50:15.600] [ERROR] auth - Could not register the user: insert into `user` (`email`, `first_name`, `hash`, `last_name`, `role`, `salt`, `username`) values ('azharfatrr@gmail.com', 'Azhar', '96252d4035f82d3c16872979e728e29423684e4053ef3ad8fe760108da2c53cefaa84c71eb85fe08a589fecfe3a4ba8718e485e36047f72b27e94c7d65f129f9', 'Faturahman', 'user', '77fe75b8ad2061816fd8bb28e972e4a9c3aa3c7189acc40ec6a2974d50472619', 'azharfatrr') - Duplicate entry 'azharfatrr' for key 'user_username_unique'
[2021-08-05T04:50:25.802] [INFO] main - Server running on : http://localhost:8000
[2021-08-05T04:51:06.527] [INFO] main - Server running on : http://localhost:8000
[2021-08-05T04:51:13.549] [ERROR] auth - Could not register the user: insert into `user` (`email`, `first_name`, `hash`, `last_name`, `role`, `salt`, `username`) values ('azharfatrr@gmail.com', 'Azhar', 'dd08d81bf2eac29e94b2c5b2e460d3b0ec1f99c7cdf8f7b3a6c159f482b94d17820461b3b9888a6e3c36e2b45fc7de52681131be93507b47a051bec24d65c7bd', 'Faturahman', 'user', '7f75eb2b565bb4bd4d8729c9a36ee2669090fee3590337233877b02044fb70a0', 'azharfatrr') - Duplicate entry 'azharfatrr' for key 'user_username_unique'
[2021-08-05T04:51:25.369] [INFO] main - Server running on : http://localhost:8000
[2021-08-05T04:51:55.418] [INFO] main - Server running on : http://localhost:8000
[2021-08-05T04:52:02.297] [INFO] main - Server running on : http://localhost:8000
[2021-08-05T04:52:02.714] [ERROR] auth - Could not register the user: insert into `user` (`email`, `first_name`, `hash`, `last_name`, `role`, `salt`, `username`) values ('azharfatrr@gmail.com', 'Azhar', '453b22a188c3fc807f07fcc58d099f3eec5a8a565d459822d3afb0e55da863b3b2758d244587f8fde9d0eef72972d2b929e9fe48b0de150d13e7567a4462b5c7', 'Faturahman', 'user', 'fab21c3e3e932701c9b76ccc3e9079298082cd1b6e7083dff2b6f4154360b930', 'azharfatrr') - Duplicate entry 'azharfatrr' for key 'user_username_unique'
[2021-08-05T04:52:23.523] [INFO] main - Server running on : http://localhost:8000
[2021-08-05T04:52:57.520] [INFO] main - Server running on : http://localhost:8000
[2021-08-05T04:52:58.197] [ERROR] auth - Could not register the user: insert into `user` (`email`, `first_name`, `hash`, `last_name`, `role`, `salt`, `username`) values ('azharfatrr@gmail.com', 'Azhar', '22cdbecbafa11b830254a5fa060d39cad1b11edf357b703c858e78f198d976581d3810fb59d3ac5eef14872d5404f6587cab8f8faecb8c842a32970100ab691d', 'Faturahman', 'user', '0e991dba437f2ff019e896345090ce4a11d5eb895c78631929d89d4dee37c1de', 'azharfatrr') - Duplicate entry 'azharfatrr' for key 'user_username_unique'
[2021-08-05T04:53:13.276] [INFO] main - Server running on : http://localhost:8000
[2021-08-05T04:53:42.949] [INFO] main - Server running on : http://localhost:8000
[2021-08-05T04:53:59.238] [INFO] main - Server running on : http://localhost:8000
[2021-08-05T04:54:07.339] [INFO] main - Server running on : http://localhost:8000
[2021-08-05T04:54:59.020] [ERROR] auth - Could not login: The "password" argument must be of type string or an instance of Buffer, TypedArray, or DataView. Received undefined
[2021-08-05T04:55:35.639] [INFO] main - Server running on : http://localhost:8000
[2021-08-05T04:55:42.826] [INFO] main - Server running on : http://localhost:8000
[2021-08-05T04:55:45.081] [ERROR] auth - Could not login: The "password" argument must be of type string or an instance of Buffer, TypedArray, or DataView. Received undefined
[2021-08-05T04:56:12.523] [INFO] main - Server running on : http://localhost:8000
[2021-08-05T04:56:20.685] [INFO] main - Server running on : http://localhost:8000
[2021-08-05T04:56:35.781] [INFO] main - Server running on : http://localhost:8000
[2021-08-05T04:56:45.048] [INFO] main - Server running on : http://localhost:8000
[2021-08-05T05:01:26.759] [INFO] main - Server running on : http://localhost:8000
[2021-08-05T05:02:06.284] [INFO] main - Server running on : http://localhost:8000
[2021-08-05T05:02:28.280] [INFO] main - Server running on : http://localhost:8000
[2021-08-05T05:03:07.941] [INFO] main - Server running on : http://localhost:8000
[2021-08-05T05:03:23.744] [INFO] main - Server running on : http://localhost:8000
[2021-08-05T05:03:30.179] [INFO] main - Server running on : http://localhost:8000
[2021-08-05T05:03:34.992] [INFO] main - Server running on : http://localhost:8000
[2021-08-05T05:04:13.745] [INFO] main - Server running on : http://localhost:8000
[2021-08-05T05:04:23.025] [INFO] main - Server running on : http://localhost:8000
[2021-08-05T05:05:31.165] [INFO] main - Server running on : http://localhost:8000
[2021-08-05T05:05:39.128] [INFO] main - Server running on : http://localhost:8000
[2021-08-05T05:05:43.417] [INFO] main - Server running on : http://localhost:8000
